2021-01-06 20:43:39,642 [INFO] org.sid.FormationApplication [restartedMain] Starting FormationApplication using Java 1.8.0_212 on DESKTOP-HMG7K0I with PID 3452 (C:\Users\DELL\eclipse-workspace\formation\target\classes started by DELL in C:\Users\DELL\eclipse-workspace\formation)
2021-01-06 20:43:39,648 [INFO] org.sid.FormationApplication [restartedMain] No active profile set, falling back to default profiles: default
2021-01-06 20:43:39,742 [INFO] org.springframework.boot.devtools.env.DevToolsPropertyDefaultsPostProcessor [restartedMain] Devtools property defaults active! Set 'spring.devtools.add-properties' to 'false' to disable
2021-01-06 20:43:39,742 [INFO] org.springframework.boot.devtools.env.DevToolsPropertyDefaultsPostProcessor [restartedMain] For additional web related logging consider setting the 'logging.level.web' property to 'DEBUG'
2021-01-06 20:43:41,530 [INFO] org.springframework.data.repository.config.RepositoryConfigurationDelegate [restartedMain] Bootstrapping Spring Data JPA repositories in DEFERRED mode.
2021-01-06 20:43:41,625 [INFO] org.springframework.data.repository.config.RepositoryConfigurationDelegate [restartedMain] Finished Spring Data repository scanning in 77 ms. Found 1 JPA repository interfaces.
2021-01-06 20:43:42,258 [INFO] org.springframework.cloud.context.scope.GenericScope [restartedMain] BeanFactory id=864ccfa8-3a94-39a2-9541-042ae8bd883b
2021-01-06 20:43:42,502 [INFO] org.springframework.context.support.PostProcessorRegistrationDelegate$BeanPostProcessorChecker [restartedMain] Bean 'org.springframework.hateoas.config.HateoasConfiguration' of type [org.springframework.hateoas.config.HateoasConfiguration] is not eligible for getting processed by all BeanPostProcessors (for example: not eligible for auto-proxying)
2021-01-06 20:43:42,508 [INFO] org.springframework.context.support.PostProcessorRegistrationDelegate$BeanPostProcessorChecker [restartedMain] Bean 'relProviderPluginRegistry' of type [org.springframework.plugin.core.support.PluginRegistryFactoryBean] is not eligible for getting processed by all BeanPostProcessors (for example: not eligible for auto-proxying)
2021-01-06 20:43:42,525 [INFO] org.springframework.context.support.PostProcessorRegistrationDelegate$BeanPostProcessorChecker [restartedMain] Bean 'relProviderPluginRegistry' of type [org.springframework.plugin.core.OrderAwarePluginRegistry] is not eligible for getting processed by all BeanPostProcessors (for example: not eligible for auto-proxying)
2021-01-06 20:43:42,536 [INFO] org.springframework.context.support.PostProcessorRegistrationDelegate$BeanPostProcessorChecker [restartedMain] Bean '_relProvider' of type [org.springframework.hateoas.server.core.DelegatingLinkRelationProvider] is not eligible for getting processed by all BeanPostProcessors (for example: not eligible for auto-proxying)
2021-01-06 20:43:42,551 [INFO] org.springframework.context.support.PostProcessorRegistrationDelegate$BeanPostProcessorChecker [restartedMain] Bean 'messageResolver' of type [org.springframework.hateoas.mediatype.MessageSourceResolver] is not eligible for getting processed by all BeanPostProcessors (for example: not eligible for auto-proxying)
2021-01-06 20:43:42,553 [INFO] org.springframework.context.support.PostProcessorRegistrationDelegate$BeanPostProcessorChecker [restartedMain] Bean 'org.springframework.data.web.config.SpringDataJacksonConfiguration' of type [org.springframework.data.web.config.SpringDataJacksonConfiguration] is not eligible for getting processed by all BeanPostProcessors (for example: not eligible for auto-proxying)
2021-01-06 20:43:42,568 [INFO] org.springframework.context.support.PostProcessorRegistrationDelegate$BeanPostProcessorChecker [restartedMain] Bean 'jacksonGeoModule' of type [org.springframework.data.geo.GeoModule] is not eligible for getting processed by all BeanPostProcessors (for example: not eligible for auto-proxying)
2021-01-06 20:43:42,597 [INFO] org.springframework.context.support.PostProcessorRegistrationDelegate$BeanPostProcessorChecker [restartedMain] Bean 'org.springframework.boot.autoconfigure.data.rest.RepositoryRestMvcAutoConfiguration' of type [org.springframework.boot.autoconfigure.data.rest.RepositoryRestMvcAutoConfiguration] is not eligible for getting processed by all BeanPostProcessors (for example: not eligible for auto-proxying)
2021-01-06 20:43:42,600 [INFO] org.springframework.context.support.PostProcessorRegistrationDelegate$BeanPostProcessorChecker [restartedMain] Bean 'org.springframework.boot.autoconfigure.jackson.JacksonAutoConfiguration$JacksonObjectMapperBuilderConfiguration' of type [org.springframework.boot.autoconfigure.jackson.JacksonAutoConfiguration$JacksonObjectMapperBuilderConfiguration] is not eligible for getting processed by all BeanPostProcessors (for example: not eligible for auto-proxying)
2021-01-06 20:43:42,605 [INFO] org.springframework.context.support.PostProcessorRegistrationDelegate$BeanPostProcessorChecker [restartedMain] Bean 'org.springframework.boot.autoconfigure.jackson.JacksonAutoConfiguration$Jackson2ObjectMapperBuilderCustomizerConfiguration' of type [org.springframework.boot.autoconfigure.jackson.JacksonAutoConfiguration$Jackson2ObjectMapperBuilderCustomizerConfiguration] is not eligible for getting processed by all BeanPostProcessors (for example: not eligible for auto-proxying)
2021-01-06 20:43:42,628 [INFO] org.springframework.context.support.PostProcessorRegistrationDelegate$BeanPostProcessorChecker [restartedMain] Bean 'spring.jackson-org.springframework.boot.autoconfigure.jackson.JacksonProperties' of type [org.springframework.boot.autoconfigure.jackson.JacksonProperties] is not eligible for getting processed by all BeanPostProcessors (for example: not eligible for auto-proxying)
2021-01-06 20:43:42,630 [INFO] org.springframework.context.support.PostProcessorRegistrationDelegate$BeanPostProcessorChecker [restartedMain] Bean 'standardJacksonObjectMapperBuilderCustomizer' of type [org.springframework.boot.autoconfigure.jackson.JacksonAutoConfiguration$Jackson2ObjectMapperBuilderCustomizerConfiguration$StandardJackson2ObjectMapperBuilderCustomizer] is not eligible for getting processed by all BeanPostProcessors (for example: not eligible for auto-proxying)
2021-01-06 20:43:42,634 [INFO] org.springframework.context.support.PostProcessorRegistrationDelegate$BeanPostProcessorChecker [restartedMain] Bean 'org.springframework.boot.autoconfigure.jackson.JacksonAutoConfiguration$ParameterNamesModuleConfiguration' of type [org.springframework.boot.autoconfigure.jackson.JacksonAutoConfiguration$ParameterNamesModuleConfiguration] is not eligible for getting processed by all BeanPostProcessors (for example: not eligible for auto-proxying)
2021-01-06 20:43:42,636 [INFO] org.springframework.context.support.PostProcessorRegistrationDelegate$BeanPostProcessorChecker [restartedMain] Bean 'parameterNamesModule' of type [com.fasterxml.jackson.module.paramnames.ParameterNamesModule] is not eligible for getting processed by all BeanPostProcessors (for example: not eligible for auto-proxying)
2021-01-06 20:43:42,639 [INFO] org.springframework.context.support.PostProcessorRegistrationDelegate$BeanPostProcessorChecker [restartedMain] Bean 'org.springframework.boot.autoconfigure.jackson.JacksonAutoConfiguration' of type [org.springframework.boot.autoconfigure.jackson.JacksonAutoConfiguration] is not eligible for getting processed by all BeanPostProcessors (for example: not eligible for auto-proxying)
2021-01-06 20:43:42,652 [INFO] org.springframework.context.support.PostProcessorRegistrationDelegate$BeanPostProcessorChecker [restartedMain] Bean 'jsonComponentModule' of type [org.springframework.boot.jackson.JsonComponentModule] is not eligible for getting processed by all BeanPostProcessors (for example: not eligible for auto-proxying)
2021-01-06 20:43:42,664 [INFO] org.springframework.context.support.PostProcessorRegistrationDelegate$BeanPostProcessorChecker [restartedMain] Bean 'jacksonObjectMapperBuilder' of type [org.springframework.http.converter.json.Jackson2ObjectMapperBuilder] is not eligible for getting processed by all BeanPostProcessors (for example: not eligible for auto-proxying)
2021-01-06 20:43:42,674 [INFO] org.springframework.context.support.PostProcessorRegistrationDelegate$BeanPostProcessorChecker [restartedMain] Bean 'spring.data.rest-org.springframework.boot.autoconfigure.data.rest.RepositoryRestProperties' of type [org.springframework.boot.autoconfigure.data.rest.RepositoryRestProperties] is not eligible for getting processed by all BeanPostProcessors (for example: not eligible for auto-proxying)
2021-01-06 20:43:42,675 [INFO] org.springframework.context.support.PostProcessorRegistrationDelegate$BeanPostProcessorChecker [restartedMain] Bean 'springBootRepositoryRestConfigurer' of type [org.springframework.boot.autoconfigure.data.rest.SpringBootRepositoryRestConfigurer] is not eligible for getting processed by all BeanPostProcessors (for example: not eligible for auto-proxying)
2021-01-06 20:43:42,677 [INFO] org.springframework.context.support.PostProcessorRegistrationDelegate$BeanPostProcessorChecker [restartedMain] Bean 'configurerDelegate' of type [org.springframework.data.rest.webmvc.config.RepositoryRestConfigurerDelegate] is not eligible for getting processed by all BeanPostProcessors (for example: not eligible for auto-proxying)
2021-01-06 20:43:42,688 [INFO] org.springframework.context.support.PostProcessorRegistrationDelegate$BeanPostProcessorChecker [restartedMain] Bean 'org.springframework.boot.autoconfigure.http.HttpMessageConvertersAutoConfiguration$StringHttpMessageConverterConfiguration' of type [org.springframework.boot.autoconfigure.http.HttpMessageConvertersAutoConfiguration$StringHttpMessageConverterConfiguration] is not eligible for getting processed by all BeanPostProcessors (for example: not eligible for auto-proxying)
2021-01-06 20:43:42,697 [INFO] org.springframework.context.support.PostProcessorRegistrationDelegate$BeanPostProcessorChecker [restartedMain] Bean 'stringHttpMessageConverter' of type [org.springframework.http.converter.StringHttpMessageConverter] is not eligible for getting processed by all BeanPostProcessors (for example: not eligible for auto-proxying)
2021-01-06 20:43:42,699 [INFO] org.springframework.context.support.PostProcessorRegistrationDelegate$BeanPostProcessorChecker [restartedMain] Bean 'org.springframework.boot.autoconfigure.http.JacksonHttpMessageConvertersConfiguration$MappingJackson2HttpMessageConverterConfiguration' of type [org.springframework.boot.autoconfigure.http.JacksonHttpMessageConvertersConfiguration$MappingJackson2HttpMessageConverterConfiguration] is not eligible for getting processed by all BeanPostProcessors (for example: not eligible for auto-proxying)
2021-01-06 20:43:42,701 [INFO] org.springframework.context.support.PostProcessorRegistrationDelegate$BeanPostProcessorChecker [restartedMain] Bean 'org.springframework.boot.autoconfigure.jackson.JacksonAutoConfiguration$JacksonObjectMapperConfiguration' of type [org.springframework.boot.autoconfigure.jackson.JacksonAutoConfiguration$JacksonObjectMapperConfiguration] is not eligible for getting processed by all BeanPostProcessors (for example: not eligible for auto-proxying)
2021-01-06 20:43:42,710 [INFO] org.springframework.context.support.PostProcessorRegistrationDelegate$BeanPostProcessorChecker [restartedMain] Bean 'jacksonObjectMapperBuilder' of type [org.springframework.http.converter.json.Jackson2ObjectMapperBuilder] is not eligible for getting processed by all BeanPostProcessors (for example: not eligible for auto-proxying)
2021-01-06 20:43:42,740 [INFO] org.springframework.context.support.PostProcessorRegistrationDelegate$BeanPostProcessorChecker [restartedMain] Bean 'jacksonObjectMapper' of type [com.fasterxml.jackson.databind.ObjectMapper] is not eligible for getting processed by all BeanPostProcessors (for example: not eligible for auto-proxying)
2021-01-06 20:43:42,748 [INFO] org.springframework.context.support.PostProcessorRegistrationDelegate$BeanPostProcessorChecker [restartedMain] Bean 'mappingJackson2HttpMessageConverter' of type [org.springframework.http.converter.json.MappingJackson2HttpMessageConverter] is not eligible for getting processed by all BeanPostProcessors (for example: not eligible for auto-proxying)
2021-01-06 20:43:42,751 [INFO] org.springframework.context.support.PostProcessorRegistrationDelegate$BeanPostProcessorChecker [restartedMain] Bean 'org.springframework.data.rest.webmvc.config.RepositoryRestMvcConfiguration' of type [org.springframework.data.rest.webmvc.config.RepositoryRestMvcConfiguration] is not eligible for getting processed by all BeanPostProcessors (for example: not eligible for auto-proxying)
2021-01-06 20:43:43,961 [INFO] org.springframework.boot.web.embedded.tomcat.TomcatWebServer [restartedMain] Tomcat initialized with port(s): 8080 (http)
2021-01-06 20:43:43,983 [INFO] org.apache.catalina.core.StandardService [restartedMain] Starting service [Tomcat]
2021-01-06 20:43:43,984 [INFO] org.apache.catalina.core.StandardEngine [restartedMain] Starting Servlet engine: [Apache Tomcat/9.0.39]
2021-01-06 20:43:44,177 [INFO] org.apache.catalina.core.ContainerBase.[Tomcat].[localhost].[/] [restartedMain] Initializing Spring embedded WebApplicationContext
2021-01-06 20:43:44,178 [INFO] org.springframework.boot.web.servlet.context.ServletWebServerApplicationContext [restartedMain] Root WebApplicationContext: initialization completed in 4434 ms
2021-01-06 20:43:45,113 [INFO] org.springframework.scheduling.concurrent.ThreadPoolTaskExecutor [restartedMain] Initializing ExecutorService 'applicationTaskExecutor'
2021-01-06 20:43:45,243 [INFO] org.hibernate.jpa.internal.util.LogHelper [task-1] HHH000204: Processing PersistenceUnitInfo [name: default]
2021-01-06 20:43:45,450 [WARN] org.springframework.boot.autoconfigure.orm.jpa.JpaBaseConfiguration$JpaWebConfiguration [restartedMain] spring.jpa.open-in-view is enabled by default. Therefore, database queries may be performed during view rendering. Explicitly configure spring.jpa.open-in-view to disable this warning
2021-01-06 20:43:45,475 [INFO] org.hibernate.Version [task-1] HHH000412: Hibernate ORM core version 5.4.23.Final
2021-01-06 20:43:45,877 [INFO] org.hibernate.annotations.common.Version [task-1] HCANN000001: Hibernate Commons Annotations {5.1.2.Final}
2021-01-06 20:43:46,134 [INFO] com.zaxxer.hikari.HikariDataSource [task-1] HikariPool-1 - Starting...
2021-01-06 20:43:46,515 [INFO] com.zaxxer.hikari.HikariDataSource [task-1] HikariPool-1 - Start completed.
2021-01-06 20:43:46,551 [INFO] org.hibernate.dialect.Dialect [task-1] HHH000400: Using dialect: org.hibernate.dialect.MySQL5Dialect
2021-01-06 20:43:47,782 [INFO] org.hibernate.engine.transaction.jta.platform.internal.JtaPlatformInitiator [task-1] HHH000490: Using JtaPlatform implementation: [org.hibernate.engine.transaction.jta.platform.internal.NoJtaPlatform]
2021-01-06 20:43:47,802 [INFO] org.springframework.orm.jpa.LocalContainerEntityManagerFactoryBean [task-1] Initialized JPA EntityManagerFactory for persistence unit 'default'
2021-01-06 20:43:49,299 [INFO] org.springframework.boot.devtools.autoconfigure.OptionalLiveReloadServer [task-2] LiveReload server is running on port 35729
2021-01-06 20:43:51,248 [INFO] org.springframework.boot.actuate.endpoint.web.EndpointLinksResolver [restartedMain] Exposing 2 endpoint(s) beneath base path '/actuator'
2021-01-06 20:43:51,409 [INFO] org.springframework.boot.web.embedded.tomcat.TomcatWebServer [restartedMain] Tomcat started on port(s): 8080 (http) with context path ''
2021-01-06 20:43:51,851 [INFO] org.springframework.data.repository.config.DeferredRepositoryInitializationListener [restartedMain] Triggering deferred initialization of Spring Data repositories…
2021-01-06 20:43:52,289 [INFO] org.springframework.data.repository.config.DeferredRepositoryInitializationListener [restartedMain] Spring Data repositories initialized!
2021-01-06 20:43:52,316 [INFO] org.sid.FormationApplication [restartedMain] Started FormationApplication in 13.875 seconds (JVM running for 15.55)
2021-01-06 20:44:00,145 [INFO] org.apache.catalina.core.ContainerBase.[Tomcat].[localhost].[/] [http-nio-8080-exec-1] Initializing Spring DispatcherServlet 'dispatcherServlet'
2021-01-06 20:44:00,145 [INFO] org.springframework.web.servlet.DispatcherServlet [http-nio-8080-exec-1] Initializing Servlet 'dispatcherServlet'
2021-01-06 20:44:00,150 [INFO] org.springframework.web.servlet.DispatcherServlet [http-nio-8080-exec-1] Completed initialization in 4 ms
2021-01-06 20:44:00,308 [INFO] org.sid.web.FormationController [http-nio-8080-exec-1] [ INFO - FormationController - get all formation ]
2021-01-06 20:44:00,326 [INFO] org.sid.service.FormationService [http-nio-8080-exec-1] [ GET ALL FORMATION FOR ENTITY FormationEntity ]
2021-01-06 20:44:04,431 [INFO] org.sid.web.FormationController [http-nio-8080-exec-2] [ INFO - FormationController - get all formation ]
2021-01-06 20:44:04,444 [INFO] org.sid.service.FormationService [http-nio-8080-exec-2] [ GET ALL FORMATION FOR ENTITY FormationEntity ]
2021-01-06 20:44:17,110 [WARN] org.springframework.web.servlet.mvc.support.DefaultHandlerExceptionResolver [http-nio-8080-exec-3] Resolved [org.springframework.web.HttpRequestMethodNotSupportedException: Request method 'GET' not supported]
2021-01-06 20:44:38,479 [INFO] org.sid.web.FormationController [http-nio-8080-exec-5] [ INFO - FormationController - get all formation ]
2021-01-06 20:44:38,486 [INFO] org.sid.service.FormationService [http-nio-8080-exec-5] [ GET ALL FORMATION FOR ENTITY FormationEntity ]
2021-01-06 20:44:43,070 [INFO] org.sid.web.FormationController [http-nio-8080-exec-6] [ INFO - FormationController - get all formation ]
2021-01-06 20:44:43,092 [INFO] org.sid.service.FormationService [http-nio-8080-exec-6] [ GET ALL FORMATION FOR ENTITY FormationEntity ]
2021-01-06 20:44:43,529 [INFO] org.sid.web.FormationController [http-nio-8080-exec-7] [ INFO - FormationController - get all formation ]
2021-01-06 20:44:43,536 [INFO] org.sid.service.FormationService [http-nio-8080-exec-7] [ GET ALL FORMATION FOR ENTITY FormationEntity ]
2021-01-06 20:45:14,366 [INFO] org.sid.web.FormationController [http-nio-8080-exec-1] [ INFO - FormationController - get all formation ]
2021-01-06 20:45:14,377 [INFO] org.sid.service.FormationService [http-nio-8080-exec-1] [ GET ALL FORMATION FOR ENTITY FormationEntity ]
2021-01-06 20:45:19,254 [INFO] org.sid.web.FormationController [http-nio-8080-exec-2] [ INFO - Formation Controller - get formation by titre ]
2021-01-06 20:45:19,291 [INFO] org.sid.service.FormationService [http-nio-8080-exec-2] [ GET ALL FORMATION FOR ENTITY FormationEntity ]
2021-01-06 20:45:21,319 [INFO] org.sid.web.FormationController [http-nio-8080-exec-3] [ INFO - Formation Controller - get formation by titre ]
2021-01-06 20:45:21,322 [INFO] org.sid.service.FormationService [http-nio-8080-exec-3] [ GET ALL FORMATION FOR ENTITY FormationEntity ]
2021-01-06 20:45:21,514 [INFO] org.sid.web.FormationController [http-nio-8080-exec-4] [ INFO - Formation Controller - get formation by titre ]
2021-01-06 20:45:21,518 [INFO] org.sid.service.FormationService [http-nio-8080-exec-4] [ GET ALL FORMATION FOR ENTITY FormationEntity ]
2021-01-06 20:45:21,869 [INFO] org.sid.web.FormationController [http-nio-8080-exec-5] [ INFO - Formation Controller - get formation by titre ]
2021-01-06 20:45:21,877 [INFO] org.sid.service.FormationService [http-nio-8080-exec-5] [ GET ALL FORMATION FOR ENTITY FormationEntity ]
2021-01-06 20:45:22,126 [INFO] org.sid.web.FormationController [http-nio-8080-exec-6] [ INFO - Formation Controller - get formation by titre ]
2021-01-06 20:45:22,129 [INFO] org.sid.service.FormationService [http-nio-8080-exec-6] [ GET ALL FORMATION FOR ENTITY FormationEntity ]
2021-01-06 20:45:22,303 [INFO] org.sid.web.FormationController [http-nio-8080-exec-7] [ INFO - Formation Controller - get formation by titre ]
2021-01-06 20:45:22,308 [INFO] org.sid.service.FormationService [http-nio-8080-exec-7] [ GET ALL FORMATION FOR ENTITY FormationEntity ]
2021-01-06 20:45:22,450 [INFO] org.sid.web.FormationController [http-nio-8080-exec-8] [ INFO - Formation Controller - get formation by titre ]
2021-01-06 20:45:22,453 [INFO] org.sid.service.FormationService [http-nio-8080-exec-8] [ GET ALL FORMATION FOR ENTITY FormationEntity ]
2021-01-06 20:45:22,615 [INFO] org.sid.web.FormationController [http-nio-8080-exec-9] [ INFO - FormationController - get all formation ]
2021-01-06 20:45:22,623 [INFO] org.sid.service.FormationService [http-nio-8080-exec-9] [ GET ALL FORMATION FOR ENTITY FormationEntity ]
2021-01-06 20:45:38,136 [INFO] org.sid.web.FormationController [http-nio-8080-exec-2] [ INFO - FormationController - get all formation ]
2021-01-06 20:45:38,142 [INFO] org.sid.service.FormationService [http-nio-8080-exec-2] [ GET ALL FORMATION FOR ENTITY FormationEntity ]
2021-01-06 20:46:01,270 [INFO] org.sid.web.FormationController [http-nio-8080-exec-5] [ INFO - FormationController - get all formation ]
2021-01-06 20:46:01,282 [INFO] org.sid.service.FormationService [http-nio-8080-exec-5] [ GET ALL FORMATION FOR ENTITY FormationEntity ]
